<?xml version="1.0" encoding="UTF-8"?>
<!-- Generated by org.testng.reporters.JUnitReportReporter -->
<testsuite hostname="LAPTOP-O3GLR94I" failures="0" tests="1" name="TestCases.CreateOrginization" time="15.616" errors="0" timestamp="2024-08-02T10:21:40 IST" skipped="0">
  <testcase classname="TestCases.CreateOrginization" name="login" time="15.616"/>
</testsuite> <!-- TestCases.CreateOrginization -->
